<?xml version="1.0" encoding="UTF-8"?>
<!-- Generated by org.testng.reporters.JUnitXMLReporter -->
<testsuite ignored="0" hostname="DESKTOP-BMKO81V" failures="0" tests="3" name="Default test" time="10.387" errors="0" timestamp="30 May 2022 02:47:33 GMT">
  <testcase classname="automationFC.Topic_01_CheckEnviroment" name="TC_01_ValidateCurrentUrl" time="0.01"/>
  <testcase classname="automationFC.Topic_01_CheckEnviroment" name="TC_02_ValidatePageTitle" time="0.004"/>
  <testcase classname="automationFC.Topic_01_CheckEnviroment" name="TC_03_LoginFormDisplayed" time="0.098"/>
</testsuite> <!-- Default test -->
