<?xml version="1.0" encoding="UTF-8"?>
<testng-results ignored="0" total="3" passed="3" failed="0" skipped="0">
  <reporter-output>
  </reporter-output>
  <suite started-at="2022-05-30T02:47:23Z" name="Default suite" finished-at="2022-05-30T02:47:33Z" duration-ms="10387">
    <groups>
    </groups>
    <test started-at="2022-05-30T02:47:23Z" name="Default test" finished-at="2022-05-30T02:47:33Z" duration-ms="10387">
      <class name="automationFC.Topic_01_CheckEnviroment">
        <test-method is-config="true" signature="beforeClass()[pri:0, instance:automationFC.Topic_01_CheckEnviroment@ba2f4ec]" started-at="2022-05-30T02:47:23Z" name="beforeClass" finished-at="2022-05-30T02:47:32Z" duration-ms="9226" status="PASS">
          <reporter-output>
          </reporter-output>
        </test-method> <!-- beforeClass -->
        <test-method signature="TC_01_ValidateCurrentUrl()[pri:0, instance:automationFC.Topic_01_CheckEnviroment@ba2f4ec]" started-at="2022-05-30T02:47:32Z" name="TC_01_ValidateCurrentUrl" finished-at="2022-05-30T02:47:32Z" duration-ms="10" status="PASS">
          <reporter-output>
          </reporter-output>
        </test-method> <!-- TC_01_ValidateCurrentUrl -->
        <test-method signature="TC_02_ValidatePageTitle()[pri:0, instance:automationFC.Topic_01_CheckEnviroment@ba2f4ec]" started-at="2022-05-30T02:47:32Z" name="TC_02_ValidatePageTitle" finished-at="2022-05-30T02:47:32Z" duration-ms="4" status="PASS">
          <reporter-output>
          </reporter-output>
        </test-method> <!-- TC_02_ValidatePageTitle -->
        <test-method signature="TC_03_LoginFormDisplayed()[pri:0, instance:automationFC.Topic_01_CheckEnviroment@ba2f4ec]" started-at="2022-05-30T02:47:32Z" name="TC_03_LoginFormDisplayed" finished-at="2022-05-30T02:47:32Z" duration-ms="98" status="PASS">
          <reporter-output>
          </reporter-output>
        </test-method> <!-- TC_03_LoginFormDisplayed -->
        <test-method is-config="true" signature="afterClass()[pri:0, instance:automationFC.Topic_01_CheckEnviroment@ba2f4ec]" started-at="2022-05-30T02:47:32Z" name="afterClass" finished-at="2022-05-30T02:47:33Z" duration-ms="1013" status="PASS">
          <reporter-output>
          </reporter-output>
        </test-method> <!-- afterClass -->
      </class> <!-- automationFC.Topic_01_CheckEnviroment -->
    </test> <!-- Default test -->
  </suite> <!-- Default suite -->
</testng-results>
